Using pre-set license
Built from '2022.3/staging' branch; Version is '2022.3.54f1 (129125d4e700) revision 1216805'; Using compiler version '192829333'; Build Type 'Release'
OS: 'Windows 11  (10.0.22631) 64bit Core' Language: 'ru' Physical Memory: 8119 MB
BatchMode: 1, IsHumanControllingUs: 0, StartBugReporterOnCrash: 0, Is64bit: 1, IsPro: 1

COMMAND LINE ARGUMENTS:
D:\Unity\2022.3.54f1\Editor\Unity.exe
-adb2
-batchMode
-noUpm
-name
AssetImportWorker0
-projectPath
D:/GitHub/taptapdashB4211/tap tap dash
-logFile
Logs/AssetImportWorker0.log
-srvPort
55143
Successfully changed project path to: D:/GitHub/taptapdashB4211/tap tap dash
D:/GitHub/taptapdashB4211/tap tap dash
[UnityMemory] Configuration Parameters - Can be set up in boot.config
    "memorysetup-bucket-allocator-granularity=16"
    "memorysetup-bucket-allocator-bucket-count=8"
    "memorysetup-bucket-allocator-block-size=33554432"
    "memorysetup-bucket-allocator-block-count=8"
    "memorysetup-main-allocator-block-size=16777216"
    "memorysetup-thread-allocator-block-size=16777216"
    "memorysetup-gfx-main-allocator-block-size=16777216"
    "memorysetup-gfx-thread-allocator-block-size=16777216"
    "memorysetup-cache-allocator-block-size=4194304"
    "memorysetup-typetree-allocator-block-size=2097152"
    "memorysetup-profiler-bucket-allocator-granularity=16"
    "memorysetup-profiler-bucket-allocator-bucket-count=8"
    "memorysetup-profiler-bucket-allocator-block-size=33554432"
    "memorysetup-profiler-bucket-allocator-block-count=8"
    "memorysetup-profiler-allocator-block-size=16777216"
    "memorysetup-profiler-editor-allocator-block-size=1048576"
    "memorysetup-temp-allocator-size-main=16777216"
    "memorysetup-job-temp-allocator-block-size=2097152"
    "memorysetup-job-temp-allocator-block-size-background=1048576"
    "memorysetup-job-temp-allocator-reduction-small-platforms=262144"
    "memorysetup-allocator-temp-initial-block-size-main=262144"
    "memorysetup-allocator-temp-initial-block-size-worker=262144"
    "memorysetup-temp-allocator-size-background-worker=32768"
    "memorysetup-temp-allocator-size-job-worker=262144"
    "memorysetup-temp-allocator-size-preload-manager=33554432"
    "memorysetup-temp-allocator-size-nav-mesh-worker=65536"
    "memorysetup-temp-allocator-size-audio-worker=65536"
    "memorysetup-temp-allocator-size-cloud-worker=32768"
    "memorysetup-temp-allocator-size-gi-baking-worker=262144"
    "memorysetup-temp-allocator-size-gfx=262144"
Player connection [12316]  Target information:

Player connection [12316]  * "[IP] 192.168.0.12 [Port] 0 [Flags] 2 [Guid] 435064700 [EditorId] 435064700 [Version] 1048832 [Id] WindowsEditor(7,Lobotomy) [Debug] 1 [PackageName] WindowsEditor [ProjectName] Editor" 

Player connection [12316]  * "[IP] 26.247.99.184 [Port] 0 [Flags] 2 [Guid] 435064700 [EditorId] 435064700 [Version] 1048832 [Id] WindowsEditor(7,Lobotomy) [Debug] 1 [PackageName] WindowsEditor [ProjectName] Editor" 

Player connection [12316] Host joined multi-casting on [225.0.0.222:54997]...
Player connection [12316] Host joined alternative multi-casting on [225.0.0.222:34997]...
[PhysX] Initialized MultithreadedTaskDispatcher with 12 workers.
Refreshing native plugins compatible for Editor in 5.47 ms, found 3 plugins.
Preloading 0 native plugins for Editor in 0.00 ms.
Initialize engine version: 2022.3.54f1 (129125d4e700)
[Subsystems] Discovering subsystems at path D:/Unity/2022.3.54f1/Editor/Data/Resources/UnitySubsystems
[Subsystems] Discovering subsystems at path D:/GitHub/taptapdashB4211/tap tap dash/Assets
GfxDevice: creating device client; threaded=0; jobified=0
Direct3D:
    Version:  Direct3D 11.0 [level 11.1]
    Renderer: NVIDIA GeForce GTX 1060 6GB (ID=0x1c03)
    Vendor:   NVIDIA
    VRAM:     6029 MB
    Driver:   32.0.15.7283
Initialize mono
Mono path[0] = 'D:/Unity/2022.3.54f1/Editor/Data/Managed'
Mono path[1] = 'D:/Unity/2022.3.54f1/Editor/Data/MonoBleedingEdge/lib/mono/unityjit-win32'
Mono config path = 'D:/Unity/2022.3.54f1/Editor/Data/MonoBleedingEdge/etc'
Using monoOptions --debugger-agent=transport=dt_socket,embedding=1,server=y,suspend=n,address=127.0.0.1:56096
Begin MonoManager ReloadAssembly
Registering precompiled unity dll's ...
Register platform support module: D:/Unity/2022.3.54f1/Editor/Data/PlaybackEngines/WindowsStandaloneSupport/UnityEditor.WindowsStandalone.Extensions.dll
Registered in 0.003694 seconds.
- Loaded All Assemblies, in  0.636 seconds
Native extension for WindowsStandalone target not found
Mono: successfully reloaded assembly
- Finished resetting the current domain, in  0.598 seconds
Domain Reload Profiling: 1235ms
	BeginReloadAssembly (314ms)
		ExecutionOrderSort (0ms)
		DisableScriptedObjects (0ms)
		BackupInstance (0ms)
		ReleaseScriptingObjects (0ms)
		CreateAndSetChildDomain (1ms)
	RebuildCommonClasses (53ms)
	RebuildNativeTypeToScriptingClass (13ms)
	initialDomainReloadingComplete (59ms)
	LoadAllAssembliesAndSetupDomain (196ms)
		LoadAssemblies (313ms)
		RebuildTransferFunctionScriptingTraits (0ms)
		AnalyzeDomain (194ms)
			TypeCache.Refresh (192ms)
				TypeCache.ScanAssembly (176ms)
			ScanForSourceGeneratedMonoScriptInfo (0ms)
			ResolveRequiredComponents (1ms)
	FinalizeReload (599ms)
		ReleaseScriptCaches (0ms)
		RebuildScriptCaches (0ms)
		SetupLoadedEditorAssemblies (519ms)
			LogAssemblyErrors (0ms)
			InitializePlatformSupportModulesInManaged (12ms)
			SetLoadedEditorAssemblies (12ms)
			RefreshPlugins (0ms)
			BeforeProcessingInitializeOnLoad (3ms)
			ProcessInitializeOnLoadAttributes (366ms)
			ProcessInitializeOnLoadMethodAttributes (125ms)
			AfterProcessingInitializeOnLoad (0ms)
			EditorAssembliesLoaded (0ms)
		ExecutionOrderSort2 (0ms)
		AwakeInstancesAfterBackupRestoration (0ms)
========================================================================
Worker process is ready to serve import requests
Caller must complete domain reload
Begin MonoManager ReloadAssembly
- Loaded All Assemblies, in  1.086 seconds
Native extension for WindowsStandalone target not found
Mono: successfully reloaded assembly
- Finished resetting the current domain, in  0.594 seconds
Domain Reload Profiling: 1680ms
	BeginReloadAssembly (220ms)
		ExecutionOrderSort (0ms)
		DisableScriptedObjects (5ms)
		BackupInstance (0ms)
		ReleaseScriptingObjects (0ms)
		CreateAndSetChildDomain (24ms)
	RebuildCommonClasses (86ms)
	RebuildNativeTypeToScriptingClass (15ms)
	initialDomainReloadingComplete (46ms)
	LoadAllAssembliesAndSetupDomain (718ms)
		LoadAssemblies (598ms)
		RebuildTransferFunctionScriptingTraits (0ms)
		AnalyzeDomain (276ms)
			TypeCache.Refresh (245ms)
				TypeCache.ScanAssembly (213ms)
			ScanForSourceGeneratedMonoScriptInfo (22ms)
			ResolveRequiredComponents (7ms)
	FinalizeReload (594ms)
		ReleaseScriptCaches (0ms)
		RebuildScriptCaches (0ms)
		SetupLoadedEditorAssemblies (416ms)
			LogAssemblyErrors (0ms)
			InitializePlatformSupportModulesInManaged (5ms)
			SetLoadedEditorAssemblies (3ms)
			RefreshPlugins (0ms)
			BeforeProcessingInitializeOnLoad (58ms)
			ProcessInitializeOnLoadAttributes (327ms)
			ProcessInitializeOnLoadMethodAttributes (21ms)
			AfterProcessingInitializeOnLoad (2ms)
			EditorAssembliesLoaded (0ms)
		ExecutionOrderSort2 (0ms)
		AwakeInstancesAfterBackupRestoration (6ms)
Launched and connected shader compiler UnityShaderCompiler.exe after 0.10 seconds
Refreshing native plugins compatible for Editor in 3.90 ms, found 3 plugins.
Preloading 0 native plugins for Editor in 0.00 ms.
Unloading 3127 Unused Serialized files (Serialized files now loaded: 0)
Unloading 19 unused Assets / (55.0 KB). Loaded Objects now: 3594.
Memory consumption went from 119.2 MB to 119.1 MB.
Total: 5.587900 ms (FindLiveObjects: 0.626100 ms CreateObjectMapping: 0.112900 ms MarkObjects: 4.620500 ms  DeleteObjects: 0.226800 ms)

AssetImportParameters requested are different than current active one (requested -> active):
  custom:container-demuxer-ogg: 62fdf1f143b41e24485cea50d1cbac27 -> 
  custom:video-codec-MediaFoundation-h265: 746d11721c4dcdbdad8f713fa42b33f4 -> 
  custom:video-decoder-ogg-theora: a1e56fd34408186e4bbccfd4996cb3dc -> 
  custom:framework-win-MediaFoundation: 216162199b28c13a410421893ffa2e32 -> 
  custom:CustomObjectIndexerAttribute: 9a22284fe3817be447336de3de66b15e -> 
  custom:container-demuxer-webm: 4f35f7cbe854078d1ac9338744f61a02 -> 
  custom:container-muxer-webm: aa71ff27fc2769a1b78a27578f13a17b -> 
  custom:video-decoder-webm-vp8: 9c59270c3fd7afecdb556c50c9e8de78 -> 
  custom:SearchIndexIgnoredProperties: e643bd26f0fe6173181afceb89e7c659 -> 
  custom:AudioImporter_EditorPlatform: d09bf68614088b80899f8185d706f6e7 -> 
  custom:video-encoder-webm-vp8: eb34c28f22e8b96e1ab97ce403110664 -> 
  custom:audio-decoder-ogg-vorbis: bf7c407c2cedff20999df2af8eb42d56 -> 
  custom:audio-encoder-webm-vorbis: bf7c407c2cedff20999df2af8eb42d56 -> 
========================================================================
Received Import Request.
  Time since last request: 331947.073293 seconds.
  path: Assets/scripts/CameraController.cs
  artifactKey: Guid(1da00167a607d9c4fb1ae558779ac322) Importer(815301076,1909f56bfc062723c751e8b465ee728b)
Start importing Assets/scripts/CameraController.cs using Guid(1da00167a607d9c4fb1ae558779ac322) Importer(815301076,1909f56bfc062723c751e8b465ee728b) [PhysX] Initialized MultithreadedTaskDispatcher with 12 workers.
 -> (artifact id: '00000000000000000000000000000000') in 0.004571 seconds
Import Error Code:(4)
Message: Build asset version error: assets/scripts/cameracontroller.cs in SourceAssetDB has modification time of '2025-03-27T12:15:41.0806053Z' while content on disk has modification time of '2025-03-27T12:16:05.6330773Z'
  ERROR: Build asset version error: assets/scripts/cameracontroller.cs in SourceAssetDB has modification time of '2025-03-27T12:15:41.0806053Z' while content on disk has modification time of '2025-03-27T12:16:05.6330773Z'
Number of updated asset objects reloaded before import = 0
Number of asset objects unloaded after import = 0
========================================================================
Received Import Request.
  Time since last request: 0.007368 seconds.
  path: Assets/scripts/CameraController.cs
  artifactKey: Guid(1da00167a607d9c4fb1ae558779ac322) Importer(815301076,1909f56bfc062723c751e8b465ee728b)
Start importing Assets/scripts/CameraController.cs using Guid(1da00167a607d9c4fb1ae558779ac322) Importer(815301076,1909f56bfc062723c751e8b465ee728b) [PhysX] Initialized MultithreadedTaskDispatcher with 12 workers.
 -> (artifact id: '00000000000000000000000000000000') in 0.000554 seconds
Import Error Code:(4)
Message: Build asset version error: assets/scripts/cameracontroller.cs in SourceAssetDB has modification time of '2025-03-27T12:15:41.0806053Z' while content on disk has modification time of '2025-03-27T12:16:05.6330773Z'
  ERROR: Build asset version error: assets/scripts/cameracontroller.cs in SourceAssetDB has modification time of '2025-03-27T12:15:41.0806053Z' while content on disk has modification time of '2025-03-27T12:16:05.6330773Z'
Number of updated asset objects reloaded before import = 0
Number of asset objects unloaded after import = 0
========================================================================
Received Import Request.
  Time since last request: 0.006471 seconds.
  path: Assets/scripts/CameraController.cs
  artifactKey: Guid(1da00167a607d9c4fb1ae558779ac322) Importer(815301076,1909f56bfc062723c751e8b465ee728b)
Start importing Assets/scripts/CameraController.cs using Guid(1da00167a607d9c4fb1ae558779ac322) Importer(815301076,1909f56bfc062723c751e8b465ee728b) [PhysX] Initialized MultithreadedTaskDispatcher with 12 workers.
 -> (artifact id: '00000000000000000000000000000000') in 0.000483 seconds
Import Error Code:(4)
Message: Build asset version error: assets/scripts/cameracontroller.cs in SourceAssetDB has modification time of '2025-03-27T12:15:41.0806053Z' while content on disk has modification time of '2025-03-27T12:16:05.6330773Z'
  ERROR: Build asset version error: assets/scripts/cameracontroller.cs in SourceAssetDB has modification time of '2025-03-27T12:15:41.0806053Z' while content on disk has modification time of '2025-03-27T12:16:05.6330773Z'
Number of updated asset objects reloaded before import = 0
Number of asset objects unloaded after import = 0
========================================================================
Received Import Request.
  Time since last request: 0.006847 seconds.
  path: Assets/scripts/CameraController.cs
  artifactKey: Guid(1da00167a607d9c4fb1ae558779ac322) Importer(815301076,1909f56bfc062723c751e8b465ee728b)
Start importing Assets/scripts/CameraController.cs using Guid(1da00167a607d9c4fb1ae558779ac322) Importer(815301076,1909f56bfc062723c751e8b465ee728b) [PhysX] Initialized MultithreadedTaskDispatcher with 12 workers.
 -> (artifact id: '00000000000000000000000000000000') in 0.000485 seconds
Import Error Code:(4)
Message: Build asset version error: assets/scripts/cameracontroller.cs in SourceAssetDB has modification time of '2025-03-27T12:15:41.0806053Z' while content on disk has modification time of '2025-03-27T12:16:05.6330773Z'
  ERROR: Build asset version error: assets/scripts/cameracontroller.cs in SourceAssetDB has modification time of '2025-03-27T12:15:41.0806053Z' while content on disk has modification time of '2025-03-27T12:16:05.6330773Z'
Number of updated asset objects reloaded before import = 0
Number of asset objects unloaded after import = 0
========================================================================
Received Import Request.
  Time since last request: 0.004943 seconds.
  path: Assets/scripts/CameraController.cs
  artifactKey: Guid(1da00167a607d9c4fb1ae558779ac322) Importer(815301076,1909f56bfc062723c751e8b465ee728b)
Start importing Assets/scripts/CameraController.cs using Guid(1da00167a607d9c4fb1ae558779ac322) Importer(815301076,1909f56bfc062723c751e8b465ee728b) [PhysX] Initialized MultithreadedTaskDispatcher with 12 workers.
 -> (artifact id: '00000000000000000000000000000000') in 0.000341 seconds
Import Error Code:(4)
Message: Build asset version error: assets/scripts/cameracontroller.cs in SourceAssetDB has modification time of '2025-03-27T12:15:41.0806053Z' while content on disk has modification time of '2025-03-27T12:16:05.6330773Z'
  ERROR: Build asset version error: assets/scripts/cameracontroller.cs in SourceAssetDB has modification time of '2025-03-27T12:15:41.0806053Z' while content on disk has modification time of '2025-03-27T12:16:05.6330773Z'
Number of updated asset objects reloaded before import = 0
Number of asset objects unloaded after import = 0
========================================================================
Received Import Request.
  Time since last request: 0.006405 seconds.
  path: Assets/scripts/CameraController.cs
  artifactKey: Guid(1da00167a607d9c4fb1ae558779ac322) Importer(815301076,1909f56bfc062723c751e8b465ee728b)
Start importing Assets/scripts/CameraController.cs using Guid(1da00167a607d9c4fb1ae558779ac322) Importer(815301076,1909f56bfc062723c751e8b465ee728b) [PhysX] Initialized MultithreadedTaskDispatcher with 12 workers.
 -> (artifact id: '00000000000000000000000000000000') in 0.000345 seconds
Import Error Code:(4)
Message: Build asset version error: assets/scripts/cameracontroller.cs in SourceAssetDB has modification time of '2025-03-27T12:15:41.0806053Z' while content on disk has modification time of '2025-03-27T12:16:05.6330773Z'
  ERROR: Build asset version error: assets/scripts/cameracontroller.cs in SourceAssetDB has modification time of '2025-03-27T12:15:41.0806053Z' while content on disk has modification time of '2025-03-27T12:16:05.6330773Z'
Number of updated asset objects reloaded before import = 0
Number of asset objects unloaded after import = 0
========================================================================
Received Import Request.
  Time since last request: 0.005096 seconds.
  path: Assets/scripts/CameraController.cs
  artifactKey: Guid(1da00167a607d9c4fb1ae558779ac322) Importer(815301076,1909f56bfc062723c751e8b465ee728b)
Start importing Assets/scripts/CameraController.cs using Guid(1da00167a607d9c4fb1ae558779ac322) Importer(815301076,1909f56bfc062723c751e8b465ee728b) [PhysX] Initialized MultithreadedTaskDispatcher with 12 workers.
 -> (artifact id: '00000000000000000000000000000000') in 0.000510 seconds
Import Error Code:(4)
Message: Build asset version error: assets/scripts/cameracontroller.cs in SourceAssetDB has modification time of '2025-03-27T12:15:41.0806053Z' while content on disk has modification time of '2025-03-27T12:16:05.6330773Z'
  ERROR: Build asset version error: assets/scripts/cameracontroller.cs in SourceAssetDB has modification time of '2025-03-27T12:15:41.0806053Z' while content on disk has modification time of '2025-03-27T12:16:05.6330773Z'
Number of updated asset objects reloaded before import = 0
Number of asset objects unloaded after import = 0
========================================================================
Received Import Request.
  Time since last request: 0.006579 seconds.
  path: Assets/scripts/CameraController.cs
  artifactKey: Guid(1da00167a607d9c4fb1ae558779ac322) Importer(815301076,1909f56bfc062723c751e8b465ee728b)
Start importing Assets/scripts/CameraController.cs using Guid(1da00167a607d9c4fb1ae558779ac322) Importer(815301076,1909f56bfc062723c751e8b465ee728b) [PhysX] Initialized MultithreadedTaskDispatcher with 12 workers.
 -> (artifact id: '00000000000000000000000000000000') in 0.000416 seconds
Import Error Code:(4)
Message: Build asset version error: assets/scripts/cameracontroller.cs in SourceAssetDB has modification time of '2025-03-27T12:15:41.0806053Z' while content on disk has modification time of '2025-03-27T12:16:05.6330773Z'
  ERROR: Build asset version error: assets/scripts/cameracontroller.cs in SourceAssetDB has modification time of '2025-03-27T12:15:41.0806053Z' while content on disk has modification time of '2025-03-27T12:16:05.6330773Z'
Number of updated asset objects reloaded before import = 0
Number of asset objects unloaded after import = 0
========================================================================
Received Import Request.
  Time since last request: 0.004595 seconds.
  path: Assets/scripts/CameraController.cs
  artifactKey: Guid(1da00167a607d9c4fb1ae558779ac322) Importer(815301076,1909f56bfc062723c751e8b465ee728b)
Start importing Assets/scripts/CameraController.cs using Guid(1da00167a607d9c4fb1ae558779ac322) Importer(815301076,1909f56bfc062723c751e8b465ee728b) [PhysX] Initialized MultithreadedTaskDispatcher with 12 workers.
 -> (artifact id: '00000000000000000000000000000000') in 0.000432 seconds
Import Error Code:(4)
Message: Build asset version error: assets/scripts/cameracontroller.cs in SourceAssetDB has modification time of '2025-03-27T12:15:41.0806053Z' while content on disk has modification time of '2025-03-27T12:16:05.6330773Z'
  ERROR: Build asset version error: assets/scripts/cameracontroller.cs in SourceAssetDB has modification time of '2025-03-27T12:15:41.0806053Z' while content on disk has modification time of '2025-03-27T12:16:05.6330773Z'
Number of updated asset objects reloaded before import = 0
Number of asset objects unloaded after import = 0
========================================================================
Received Import Request.
  Time since last request: 0.005803 seconds.
  path: Assets/scripts/CameraController.cs
  artifactKey: Guid(1da00167a607d9c4fb1ae558779ac322) Importer(815301076,1909f56bfc062723c751e8b465ee728b)
Start importing Assets/scripts/CameraController.cs using Guid(1da00167a607d9c4fb1ae558779ac322) Importer(815301076,1909f56bfc062723c751e8b465ee728b) [PhysX] Initialized MultithreadedTaskDispatcher with 12 workers.
 -> (artifact id: '00000000000000000000000000000000') in 0.000468 seconds
Import Error Code:(4)
Message: Build asset version error: assets/scripts/cameracontroller.cs in SourceAssetDB has modification time of '2025-03-27T12:15:41.0806053Z' while content on disk has modification time of '2025-03-27T12:16:05.6330773Z'
  ERROR: Build asset version error: assets/scripts/cameracontroller.cs in SourceAssetDB has modification time of '2025-03-27T12:15:41.0806053Z' while content on disk has modification time of '2025-03-27T12:16:05.6330773Z'
Number of updated asset objects reloaded before import = 0
Number of asset objects unloaded after import = 0
========================================================================
Received Import Request.
  Time since last request: 0.005828 seconds.
  path: Assets/scripts/CameraController.cs
  artifactKey: Guid(1da00167a607d9c4fb1ae558779ac322) Importer(815301076,1909f56bfc062723c751e8b465ee728b)
Start importing Assets/scripts/CameraController.cs using Guid(1da00167a607d9c4fb1ae558779ac322) Importer(815301076,1909f56bfc062723c751e8b465ee728b) [PhysX] Initialized MultithreadedTaskDispatcher with 12 workers.
 -> (artifact id: '00000000000000000000000000000000') in 0.000387 seconds
Import Error Code:(4)
Message: Build asset version error: assets/scripts/cameracontroller.cs in SourceAssetDB has modification time of '2025-03-27T12:15:41.0806053Z' while content on disk has modification time of '2025-03-27T12:16:05.6330773Z'
  ERROR: Build asset version error: assets/scripts/cameracontroller.cs in SourceAssetDB has modification time of '2025-03-27T12:15:41.0806053Z' while content on disk has modification time of '2025-03-27T12:16:05.6330773Z'
Number of updated asset objects reloaded before import = 0
Number of asset objects unloaded after import = 0
========================================================================
Received Import Request.
  Time since last request: 0.005828 seconds.
  path: Assets/scripts/CameraController.cs
  artifactKey: Guid(1da00167a607d9c4fb1ae558779ac322) Importer(815301076,1909f56bfc062723c751e8b465ee728b)
Start importing Assets/scripts/CameraController.cs using Guid(1da00167a607d9c4fb1ae558779ac322) Importer(815301076,1909f56bfc062723c751e8b465ee728b) [PhysX] Initialized MultithreadedTaskDispatcher with 12 workers.
 -> (artifact id: '00000000000000000000000000000000') in 0.000410 seconds
Import Error Code:(4)
Message: Build asset version error: assets/scripts/cameracontroller.cs in SourceAssetDB has modification time of '2025-03-27T12:15:41.0806053Z' while content on disk has modification time of '2025-03-27T12:16:05.6330773Z'
  ERROR: Build asset version error: assets/scripts/cameracontroller.cs in SourceAssetDB has modification time of '2025-03-27T12:15:41.0806053Z' while content on disk has modification time of '2025-03-27T12:16:05.6330773Z'
Number of updated asset objects reloaded before import = 0
Number of asset objects unloaded after import = 0
========================================================================
Received Import Request.
  Time since last request: 0.005770 seconds.
  path: Assets/scripts/CameraController.cs
  artifactKey: Guid(1da00167a607d9c4fb1ae558779ac322) Importer(815301076,1909f56bfc062723c751e8b465ee728b)
Start importing Assets/scripts/CameraController.cs using Guid(1da00167a607d9c4fb1ae558779ac322) Importer(815301076,1909f56bfc062723c751e8b465ee728b) [PhysX] Initialized MultithreadedTaskDispatcher with 12 workers.
 -> (artifact id: '00000000000000000000000000000000') in 0.000392 seconds
Import Error Code:(4)
Message: Build asset version error: assets/scripts/cameracontroller.cs in SourceAssetDB has modification time of '2025-03-27T12:15:41.0806053Z' while content on disk has modification time of '2025-03-27T12:16:05.6330773Z'
  ERROR: Build asset version error: assets/scripts/cameracontroller.cs in SourceAssetDB has modification time of '2025-03-27T12:15:41.0806053Z' while content on disk has modification time of '2025-03-27T12:16:05.6330773Z'
Number of updated asset objects reloaded before import = 0
Number of asset objects unloaded after import = 0
========================================================================
Received Import Request.
  Time since last request: 0.005566 seconds.
  path: Assets/scripts/CameraController.cs
  artifactKey: Guid(1da00167a607d9c4fb1ae558779ac322) Importer(815301076,1909f56bfc062723c751e8b465ee728b)
Start importing Assets/scripts/CameraController.cs using Guid(1da00167a607d9c4fb1ae558779ac322) Importer(815301076,1909f56bfc062723c751e8b465ee728b) [PhysX] Initialized MultithreadedTaskDispatcher with 12 workers.
 -> (artifact id: '00000000000000000000000000000000') in 0.000498 seconds
Import Error Code:(4)
Message: Build asset version error: assets/scripts/cameracontroller.cs in SourceAssetDB has modification time of '2025-03-27T12:15:41.0806053Z' while content on disk has modification time of '2025-03-27T12:16:05.6330773Z'
  ERROR: Build asset version error: assets/scripts/cameracontroller.cs in SourceAssetDB has modification time of '2025-03-27T12:15:41.0806053Z' while content on disk has modification time of '2025-03-27T12:16:05.6330773Z'
Number of updated asset objects reloaded before import = 0
Number of asset objects unloaded after import = 0
========================================================================
Received Import Request.
  Time since last request: 0.005028 seconds.
  path: Assets/scripts/CameraController.cs
  artifactKey: Guid(1da00167a607d9c4fb1ae558779ac322) Importer(815301076,1909f56bfc062723c751e8b465ee728b)
Start importing Assets/scripts/CameraController.cs using Guid(1da00167a607d9c4fb1ae558779ac322) Importer(815301076,1909f56bfc062723c751e8b465ee728b) [PhysX] Initialized MultithreadedTaskDispatcher with 12 workers.
 -> (artifact id: '00000000000000000000000000000000') in 0.000411 seconds
Import Error Code:(4)
Message: Build asset version error: assets/scripts/cameracontroller.cs in SourceAssetDB has modification time of '2025-03-27T12:15:41.0806053Z' while content on disk has modification time of '2025-03-27T12:16:05.6330773Z'
  ERROR: Build asset version error: assets/scripts/cameracontroller.cs in SourceAssetDB has modification time of '2025-03-27T12:15:41.0806053Z' while content on disk has modification time of '2025-03-27T12:16:05.6330773Z'
Number of updated asset objects reloaded before import = 0
Number of asset objects unloaded after import = 0
========================================================================
Received Import Request.
  Time since last request: 0.006313 seconds.
  path: Assets/scripts/CameraController.cs
  artifactKey: Guid(1da00167a607d9c4fb1ae558779ac322) Importer(815301076,1909f56bfc062723c751e8b465ee728b)
Start importing Assets/scripts/CameraController.cs using Guid(1da00167a607d9c4fb1ae558779ac322) Importer(815301076,1909f56bfc062723c751e8b465ee728b) [PhysX] Initialized MultithreadedTaskDispatcher with 12 workers.
 -> (artifact id: '00000000000000000000000000000000') in 0.000440 seconds
Import Error Code:(4)
Message: Build asset version error: assets/scripts/cameracontroller.cs in SourceAssetDB has modification time of '2025-03-27T12:15:41.0806053Z' while content on disk has modification time of '2025-03-27T12:16:05.6330773Z'
  ERROR: Build asset version error: assets/scripts/cameracontroller.cs in SourceAssetDB has modification time of '2025-03-27T12:15:41.0806053Z' while content on disk has modification time of '2025-03-27T12:16:05.6330773Z'
Number of updated asset objects reloaded before import = 0
Number of asset objects unloaded after import = 0
========================================================================
Received Import Request.
  Time since last request: 0.005523 seconds.
  path: Assets/scripts/CameraController.cs
  artifactKey: Guid(1da00167a607d9c4fb1ae558779ac322) Importer(815301076,1909f56bfc062723c751e8b465ee728b)
Start importing Assets/scripts/CameraController.cs using Guid(1da00167a607d9c4fb1ae558779ac322) Importer(815301076,1909f56bfc062723c751e8b465ee728b) [PhysX] Initialized MultithreadedTaskDispatcher with 12 workers.
 -> (artifact id: '00000000000000000000000000000000') in 0.000706 seconds
Import Error Code:(4)
Message: Build asset version error: assets/scripts/cameracontroller.cs in SourceAssetDB has modification time of '2025-03-27T12:15:41.0806053Z' while content on disk has modification time of '2025-03-27T12:16:05.6330773Z'
  ERROR: Build asset version error: assets/scripts/cameracontroller.cs in SourceAssetDB has modification time of '2025-03-27T12:15:41.0806053Z' while content on disk has modification time of '2025-03-27T12:16:05.6330773Z'
Number of updated asset objects reloaded before import = 0
Number of asset objects unloaded after import = 0
========================================================================
Received Import Request.
  Time since last request: 0.005864 seconds.
  path: Assets/scripts/CameraController.cs
  artifactKey: Guid(1da00167a607d9c4fb1ae558779ac322) Importer(815301076,1909f56bfc062723c751e8b465ee728b)
Start importing Assets/scripts/CameraController.cs using Guid(1da00167a607d9c4fb1ae558779ac322) Importer(815301076,1909f56bfc062723c751e8b465ee728b) [PhysX] Initialized MultithreadedTaskDispatcher with 12 workers.
 -> (artifact id: '00000000000000000000000000000000') in 0.000532 seconds
Import Error Code:(4)
Message: Build asset version error: assets/scripts/cameracontroller.cs in SourceAssetDB has modification time of '2025-03-27T12:15:41.0806053Z' while content on disk has modification time of '2025-03-27T12:16:05.6330773Z'
  ERROR: Build asset version error: assets/scripts/cameracontroller.cs in SourceAssetDB has modification time of '2025-03-27T12:15:41.0806053Z' while content on disk has modification time of '2025-03-27T12:16:05.6330773Z'
Number of updated asset objects reloaded before import = 0
Number of asset objects unloaded after import = 0
========================================================================
Received Import Request.
  Time since last request: 0.005126 seconds.
  path: Assets/scripts/CameraController.cs
  artifactKey: Guid(1da00167a607d9c4fb1ae558779ac322) Importer(815301076,1909f56bfc062723c751e8b465ee728b)
Start importing Assets/scripts/CameraController.cs using Guid(1da00167a607d9c4fb1ae558779ac322) Importer(815301076,1909f56bfc062723c751e8b465ee728b) [PhysX] Initialized MultithreadedTaskDispatcher with 12 workers.
 -> (artifact id: '00000000000000000000000000000000') in 0.000346 seconds
Import Error Code:(4)
Message: Build asset version error: assets/scripts/cameracontroller.cs in SourceAssetDB has modification time of '2025-03-27T12:15:41.0806053Z' while content on disk has modification time of '2025-03-27T12:16:05.6330773Z'
  ERROR: Build asset version error: assets/scripts/cameracontroller.cs in SourceAssetDB has modification time of '2025-03-27T12:15:41.0806053Z' while content on disk has modification time of '2025-03-27T12:16:05.6330773Z'
Number of updated asset objects reloaded before import = 0
Number of asset objects unloaded after import = 0
========================================================================
Received Import Request.
  Time since last request: 0.005402 seconds.
  path: Assets/scripts/CameraController.cs
  artifactKey: Guid(1da00167a607d9c4fb1ae558779ac322) Importer(815301076,1909f56bfc062723c751e8b465ee728b)
Start importing Assets/scripts/CameraController.cs using Guid(1da00167a607d9c4fb1ae558779ac322) Importer(815301076,1909f56bfc062723c751e8b465ee728b) [PhysX] Initialized MultithreadedTaskDispatcher with 12 workers.
 -> (artifact id: '00000000000000000000000000000000') in 0.000385 seconds
Import Error Code:(4)
Message: Build asset version error: assets/scripts/cameracontroller.cs in SourceAssetDB has modification time of '2025-03-27T12:15:41.0806053Z' while content on disk has modification time of '2025-03-27T12:16:05.6330773Z'
  ERROR: Build asset version error: assets/scripts/cameracontroller.cs in SourceAssetDB has modification time of '2025-03-27T12:15:41.0806053Z' while content on disk has modification time of '2025-03-27T12:16:05.6330773Z'
Number of updated asset objects reloaded before import = 0
Number of asset objects unloaded after import = 0
========================================================================
Received Import Request.
  Time since last request: 0.005592 seconds.
  path: Assets/scripts/CameraController.cs
  artifactKey: Guid(1da00167a607d9c4fb1ae558779ac322) Importer(815301076,1909f56bfc062723c751e8b465ee728b)
Start importing Assets/scripts/CameraController.cs using Guid(1da00167a607d9c4fb1ae558779ac322) Importer(815301076,1909f56bfc062723c751e8b465ee728b) [PhysX] Initialized MultithreadedTaskDispatcher with 12 workers.
 -> (artifact id: '00000000000000000000000000000000') in 0.000420 seconds
Import Error Code:(4)
Message: Build asset version error: assets/scripts/cameracontroller.cs in SourceAssetDB has modification time of '2025-03-27T12:15:41.0806053Z' while content on disk has modification time of '2025-03-27T12:16:05.6330773Z'
  ERROR: Build asset version error: assets/scripts/cameracontroller.cs in SourceAssetDB has modification time of '2025-03-27T12:15:41.0806053Z' while content on disk has modification time of '2025-03-27T12:16:05.6330773Z'
Number of updated asset objects reloaded before import = 0
Number of asset objects unloaded after import = 0
========================================================================
Received Import Request.
  Time since last request: 0.005382 seconds.
  path: Assets/scripts/CameraController.cs
  artifactKey: Guid(1da00167a607d9c4fb1ae558779ac322) Importer(815301076,1909f56bfc062723c751e8b465ee728b)
Start importing Assets/scripts/CameraController.cs using Guid(1da00167a607d9c4fb1ae558779ac322) Importer(815301076,1909f56bfc062723c751e8b465ee728b) [PhysX] Initialized MultithreadedTaskDispatcher with 12 workers.
 -> (artifact id: '00000000000000000000000000000000') in 0.000761 seconds
Import Error Code:(4)
Message: Build asset version error: assets/scripts/cameracontroller.cs in SourceAssetDB has modification time of '2025-03-27T12:15:41.0806053Z' while content on disk has modification time of '2025-03-27T12:16:05.6330773Z'
  ERROR: Build asset version error: assets/scripts/cameracontroller.cs in SourceAssetDB has modification time of '2025-03-27T12:15:41.0806053Z' while content on disk has modification time of '2025-03-27T12:16:05.6330773Z'
Number of updated asset objects reloaded before import = 0
Number of asset objects unloaded after import = 0
========================================================================
Received Import Request.
  Time since last request: 0.004637 seconds.
  path: Assets/scripts/CameraController.cs
  artifactKey: Guid(1da00167a607d9c4fb1ae558779ac322) Importer(815301076,1909f56bfc062723c751e8b465ee728b)
Start importing Assets/scripts/CameraController.cs using Guid(1da00167a607d9c4fb1ae558779ac322) Importer(815301076,1909f56bfc062723c751e8b465ee728b) [PhysX] Initialized MultithreadedTaskDispatcher with 12 workers.
 -> (artifact id: '00000000000000000000000000000000') in 0.000401 seconds
Import Error Code:(4)
Message: Build asset version error: assets/scripts/cameracontroller.cs in SourceAssetDB has modification time of '2025-03-27T12:15:41.0806053Z' while content on disk has modification time of '2025-03-27T12:16:05.6330773Z'
  ERROR: Build asset version error: assets/scripts/cameracontroller.cs in SourceAssetDB has modification time of '2025-03-27T12:15:41.0806053Z' while content on disk has modification time of '2025-03-27T12:16:05.6330773Z'
Number of updated asset objects reloaded before import = 0
Number of asset objects unloaded after import = 0
========================================================================
Received Import Request.
  Time since last request: 0.005369 seconds.
  path: Assets/scripts/CameraController.cs
  artifactKey: Guid(1da00167a607d9c4fb1ae558779ac322) Importer(815301076,1909f56bfc062723c751e8b465ee728b)
Start importing Assets/scripts/CameraController.cs using Guid(1da00167a607d9c4fb1ae558779ac322) Importer(815301076,1909f56bfc062723c751e8b465ee728b) [PhysX] Initialized MultithreadedTaskDispatcher with 12 workers.
 -> (artifact id: '00000000000000000000000000000000') in 0.000369 seconds
Import Error Code:(4)
Message: Build asset version error: assets/scripts/cameracontroller.cs in SourceAssetDB has modification time of '2025-03-27T12:15:41.0806053Z' while content on disk has modification time of '2025-03-27T12:16:05.6330773Z'
  ERROR: Build asset version error: assets/scripts/cameracontroller.cs in SourceAssetDB has modification time of '2025-03-27T12:15:41.0806053Z' while content on disk has modification time of '2025-03-27T12:16:05.6330773Z'
Number of updated asset objects reloaded before import = 0
Number of asset objects unloaded after import = 0
========================================================================
Received Import Request.
  Time since last request: 0.006785 seconds.
  path: Assets/scripts/CameraController.cs
  artifactKey: Guid(1da00167a607d9c4fb1ae558779ac322) Importer(815301076,1909f56bfc062723c751e8b465ee728b)
Start importing Assets/scripts/CameraController.cs using Guid(1da00167a607d9c4fb1ae558779ac322) Importer(815301076,1909f56bfc062723c751e8b465ee728b) [PhysX] Initialized MultithreadedTaskDispatcher with 12 workers.
 -> (artifact id: '00000000000000000000000000000000') in 0.000613 seconds
Import Error Code:(4)
Message: Build asset version error: assets/scripts/cameracontroller.cs in SourceAssetDB has modification time of '2025-03-27T12:15:41.0806053Z' while content on disk has modification time of '2025-03-27T12:16:05.6330773Z'
  ERROR: Build asset version error: assets/scripts/cameracontroller.cs in SourceAssetDB has modification time of '2025-03-27T12:15:41.0806053Z' while content on disk has modification time of '2025-03-27T12:16:05.6330773Z'
Number of updated asset objects reloaded before import = 0
Number of asset objects unloaded after import = 0
